2022-03-02 04:51:06,750 INFO org.springframework.test.context.support.AbstractTestContextBootstrapper [main] Neither @ContextConfiguration nor @ContextHierarchy found for test class [com.ibm.academia.restapi.universidad.EurekaServerApplicationTests], using SpringBootContextLoader
2022-03-02 04:51:06,781 INFO org.springframework.test.context.support.AbstractContextLoader [main] Could not detect default resource locations for test class [com.ibm.academia.restapi.universidad.EurekaServerApplicationTests]: no resource found for suffixes {-context.xml, Context.groovy}.
2022-03-02 04:51:06,781 INFO org.springframework.test.context.support.AnnotationConfigContextLoaderUtils [main] Could not detect default configuration classes for test class [com.ibm.academia.restapi.universidad.EurekaServerApplicationTests]: EurekaServerApplicationTests does not declare any static, non-private, non-final, nested classes annotated with @Configuration.
2022-03-02 04:51:07,547 INFO org.springframework.boot.test.context.SpringBootTestContextBootstrapper [main] Found @SpringBootConfiguration com.ibm.academia.restapi.universidad.EurekaServerApplication for test class com.ibm.academia.restapi.universidad.EurekaServerApplicationTests
2022-03-02 04:51:08,419 INFO org.springframework.test.context.support.AbstractTestContextBootstrapper [main] Loaded default TestExecutionListener class names from location [META-INF/spring.factories]: [org.springframework.boot.test.mock.mockito.MockitoTestExecutionListener, org.springframework.boot.test.mock.mockito.ResetMocksTestExecutionListener, org.springframework.boot.test.autoconfigure.restdocs.RestDocsTestExecutionListener, org.springframework.boot.test.autoconfigure.web.client.MockRestServiceServerResetTestExecutionListener, org.springframework.boot.test.autoconfigure.web.servlet.MockMvcPrintOnlyOnFailureTestExecutionListener, org.springframework.boot.test.autoconfigure.web.servlet.WebDriverTestExecutionListener, org.springframework.boot.test.autoconfigure.webservices.client.MockWebServiceServerTestExecutionListener, org.springframework.test.context.web.ServletTestExecutionListener, org.springframework.test.context.support.DirtiesContextBeforeModesTestExecutionListener, org.springframework.test.context.event.ApplicationEventsTestExecutionListener, org.springframework.test.context.support.DependencyInjectionTestExecutionListener, org.springframework.test.context.support.DirtiesContextTestExecutionListener, org.springframework.test.context.transaction.TransactionalTestExecutionListener, org.springframework.test.context.jdbc.SqlScriptsTestExecutionListener, org.springframework.test.context.event.EventPublishingTestExecutionListener]
2022-03-02 04:51:08,497 INFO org.springframework.test.context.support.AbstractTestContextBootstrapper [main] Using TestExecutionListeners: [org.springframework.test.context.web.ServletTestExecutionListener@5ae81e1, org.springframework.test.context.support.DirtiesContextBeforeModesTestExecutionListener@2fd1731c, org.springframework.test.context.event.ApplicationEventsTestExecutionListener@5ae76500, org.springframework.boot.test.mock.mockito.MockitoTestExecutionListener@6063d80a, org.springframework.boot.test.autoconfigure.SpringBootDependencyInjectionTestExecutionListener@1133ec6e, org.springframework.test.context.support.DirtiesContextTestExecutionListener@355e34c7, org.springframework.test.context.event.EventPublishingTestExecutionListener@54709809, org.springframework.boot.test.mock.mockito.ResetMocksTestExecutionListener@2a2da905, org.springframework.boot.test.autoconfigure.restdocs.RestDocsTestExecutionListener@24f360b2, org.springframework.boot.test.autoconfigure.web.client.MockRestServiceServerResetTestExecutionListener@60cf80e7, org.springframework.boot.test.autoconfigure.web.servlet.MockMvcPrintOnlyOnFailureTestExecutionListener@302fec27, org.springframework.boot.test.autoconfigure.web.servlet.WebDriverTestExecutionListener@770d0ea6, org.springframework.boot.test.autoconfigure.webservices.client.MockWebServiceServerTestExecutionListener@48c40605]
2022-03-02 04:51:11,826 INFO org.springframework.boot.StartupInfoLogger [main] Starting EurekaServerApplicationTests using Java 11.0.12 on DESKTOP-FG950QQ with PID 8520 (started by Israel in C:\Users\Israel\Documents\workspace-spring-tool-suite-4-4.12.1.RELEASE\EurekaServer)
2022-03-02 04:51:11,842 INFO org.springframework.boot.SpringApplication [main] No active profile set, falling back to default profiles: default
2022-03-02 04:51:18,208 INFO org.springframework.cloud.context.scope.GenericScope [main] BeanFactory id=78fe61c0-2360-332f-bc1b-230ae5ab135b
2022-03-02 04:51:31,330 INFO org.springframework.cloud.netflix.eureka.config.DiscoveryClientOptionalArgsConfiguration [main] Eureka HTTP Client uses Jersey
2022-03-02 04:51:32,095 WARN org.springframework.cloud.loadbalancer.config.LoadBalancerCacheAutoConfiguration$LoadBalancerCaffeineWarnLogger [main] Spring Cloud LoadBalancer is currently working with the default cache. While this cache implementation is useful for development and tests, it's recommended to use Caffeine cache in production.You can switch to using Caffeine cache, by adding it and org.springframework.cache.caffeine.CaffeineCacheManager to the classpath.
2022-03-02 04:51:33,259 INFO org.springframework.cloud.netflix.eureka.InstanceInfoFactory [main] Setting initial instance status as: STARTING
2022-03-02 04:51:33,494 INFO com.netflix.discovery.DiscoveryClient [main] Initializing Eureka in region us-east-1
2022-03-02 04:51:33,509 INFO com.netflix.discovery.DiscoveryClient [main] Client configured to neither register nor query for data.
2022-03-02 04:51:33,556 INFO com.netflix.discovery.DiscoveryClient [main] Discovery Client initialized at timestamp 1646214693556 with initial instances count: 0
2022-03-02 04:51:33,900 INFO com.netflix.eureka.DefaultEurekaServerContext [main] Initializing ...
2022-03-02 04:51:33,916 INFO com.netflix.eureka.cluster.PeerEurekaNodes [main] Adding new peer nodes [http://localhost:8761/eureka/]
2022-03-02 04:51:35,548 INFO com.netflix.discovery.provider.DiscoveryJerseyProvider [main] Using JSON encoding codec LegacyJacksonJson
2022-03-02 04:51:35,548 INFO com.netflix.discovery.provider.DiscoveryJerseyProvider [main] Using JSON decoding codec LegacyJacksonJson
2022-03-02 04:51:35,548 INFO com.netflix.discovery.provider.DiscoveryJerseyProvider [main] Using XML encoding codec XStreamXml
2022-03-02 04:51:35,548 INFO com.netflix.discovery.provider.DiscoveryJerseyProvider [main] Using XML decoding codec XStreamXml
2022-03-02 04:51:36,751 INFO com.netflix.eureka.cluster.PeerEurekaNodes [main] Replica node URL:  http://localhost:8761/eureka/
2022-03-02 04:51:36,798 INFO com.netflix.eureka.registry.AbstractInstanceRegistry [main] Finished initializing remote region registries. All known remote regions: []
2022-03-02 04:51:36,798 INFO com.netflix.eureka.DefaultEurekaServerContext [main] Initialized
2022-03-02 04:51:37,606 INFO org.springframework.boot.actuate.endpoint.web.EndpointLinksResolver [main] Exposing 1 endpoint(s) beneath base path '/actuator'
2022-03-02 04:51:37,981 INFO org.springframework.cloud.netflix.eureka.serviceregistry.EurekaServiceRegistry [main] Registering application API-EUREKA-SERVER with eureka with status UP
2022-03-02 04:51:38,028 INFO org.springframework.cloud.netflix.eureka.server.EurekaServerBootstrap [Thread-10] Setting the eureka configuration..
2022-03-02 04:51:38,091 INFO org.springframework.cloud.netflix.eureka.server.EurekaServerBootstrap [Thread-10] isAws returned false
2022-03-02 04:51:38,091 INFO org.springframework.boot.StartupInfoLogger [main] Started EurekaServerApplicationTests in 29.355 seconds (JVM running for 39.365)
2022-03-02 04:51:38,106 INFO org.springframework.cloud.netflix.eureka.server.EurekaServerBootstrap [Thread-10] Initialized server context
2022-03-02 04:51:38,106 INFO com.netflix.eureka.registry.PeerAwareInstanceRegistryImpl [Thread-10] Got 1 instances from neighboring DS node
2022-03-02 04:51:38,106 INFO com.netflix.eureka.registry.PeerAwareInstanceRegistryImpl [Thread-10] Renew threshold is: 1
2022-03-02 04:51:38,106 INFO com.netflix.eureka.registry.PeerAwareInstanceRegistryImpl [Thread-10] Changing status to UP
2022-03-02 04:51:38,153 INFO org.springframework.cloud.netflix.eureka.server.EurekaServerInitializerConfiguration [Thread-10] Started Eureka Server
2022-03-02 04:51:40,283 INFO org.springframework.cloud.netflix.eureka.serviceregistry.EurekaServiceRegistry [SpringApplicationShutdownHook] Unregistering application API-EUREKA-SERVER with eureka with status DOWN
2022-03-02 04:51:40,298 INFO org.springframework.cloud.netflix.eureka.server.EurekaServerBootstrap [SpringApplicationShutdownHook] Shutting down Eureka Server..
2022-03-02 04:51:40,345 INFO com.netflix.eureka.DefaultEurekaServerContext [SpringApplicationShutdownHook] Shutting down ...
2022-03-02 04:51:40,439 INFO com.netflix.eureka.DefaultEurekaServerContext [SpringApplicationShutdownHook] Shut down
2022-03-02 04:51:40,439 INFO org.springframework.cloud.netflix.eureka.server.EurekaServerBootstrap [SpringApplicationShutdownHook] Eureka Service is now shutdown...
2022-03-02 04:51:40,439 INFO com.netflix.eureka.DefaultEurekaServerContext [SpringApplicationShutdownHook] Shutting down ...
2022-03-02 04:51:40,470 INFO com.netflix.eureka.DefaultEurekaServerContext [SpringApplicationShutdownHook] Shut down
2022-03-02 04:51:40,501 INFO com.netflix.discovery.DiscoveryClient [SpringApplicationShutdownHook] Shutting down DiscoveryClient ...
2022-03-02 04:51:40,517 INFO com.netflix.discovery.DiscoveryClient [SpringApplicationShutdownHook] Completed shut down of DiscoveryClient
2022-03-02 05:10:03,979 INFO org.springframework.test.context.support.AbstractTestContextBootstrapper [main] Neither @ContextConfiguration nor @ContextHierarchy found for test class [com.ibm.academia.restapi.universidad.EurekaServerApplicationTests], using SpringBootContextLoader
2022-03-02 05:10:04,010 INFO org.springframework.test.context.support.AbstractContextLoader [main] Could not detect default resource locations for test class [com.ibm.academia.restapi.universidad.EurekaServerApplicationTests]: no resource found for suffixes {-context.xml, Context.groovy}.
2022-03-02 05:10:04,041 INFO org.springframework.test.context.support.AnnotationConfigContextLoaderUtils [main] Could not detect default configuration classes for test class [com.ibm.academia.restapi.universidad.EurekaServerApplicationTests]: EurekaServerApplicationTests does not declare any static, non-private, non-final, nested classes annotated with @Configuration.
2022-03-02 05:10:04,619 INFO org.springframework.boot.test.context.SpringBootTestContextBootstrapper [main] Found @SpringBootConfiguration com.ibm.academia.restapi.universidad.EurekaServerApplication for test class com.ibm.academia.restapi.universidad.EurekaServerApplicationTests
2022-03-02 05:10:05,283 INFO org.springframework.test.context.support.AbstractTestContextBootstrapper [main] Loaded default TestExecutionListener class names from location [META-INF/spring.factories]: [org.springframework.boot.test.mock.mockito.MockitoTestExecutionListener, org.springframework.boot.test.mock.mockito.ResetMocksTestExecutionListener, org.springframework.boot.test.autoconfigure.restdocs.RestDocsTestExecutionListener, org.springframework.boot.test.autoconfigure.web.client.MockRestServiceServerResetTestExecutionListener, org.springframework.boot.test.autoconfigure.web.servlet.MockMvcPrintOnlyOnFailureTestExecutionListener, org.springframework.boot.test.autoconfigure.web.servlet.WebDriverTestExecutionListener, org.springframework.boot.test.autoconfigure.webservices.client.MockWebServiceServerTestExecutionListener, org.springframework.test.context.web.ServletTestExecutionListener, org.springframework.test.context.support.DirtiesContextBeforeModesTestExecutionListener, org.springframework.test.context.event.ApplicationEventsTestExecutionListener, org.springframework.test.context.support.DependencyInjectionTestExecutionListener, org.springframework.test.context.support.DirtiesContextTestExecutionListener, org.springframework.test.context.transaction.TransactionalTestExecutionListener, org.springframework.test.context.jdbc.SqlScriptsTestExecutionListener, org.springframework.test.context.event.EventPublishingTestExecutionListener]
2022-03-02 05:10:05,346 INFO org.springframework.test.context.support.AbstractTestContextBootstrapper [main] Using TestExecutionListeners: [org.springframework.test.context.web.ServletTestExecutionListener@5ae81e1, org.springframework.test.context.support.DirtiesContextBeforeModesTestExecutionListener@2fd1731c, org.springframework.test.context.event.ApplicationEventsTestExecutionListener@5ae76500, org.springframework.boot.test.mock.mockito.MockitoTestExecutionListener@6063d80a, org.springframework.boot.test.autoconfigure.SpringBootDependencyInjectionTestExecutionListener@1133ec6e, org.springframework.test.context.support.DirtiesContextTestExecutionListener@355e34c7, org.springframework.test.context.event.EventPublishingTestExecutionListener@54709809, org.springframework.boot.test.mock.mockito.ResetMocksTestExecutionListener@2a2da905, org.springframework.boot.test.autoconfigure.restdocs.RestDocsTestExecutionListener@24f360b2, org.springframework.boot.test.autoconfigure.web.client.MockRestServiceServerResetTestExecutionListener@60cf80e7, org.springframework.boot.test.autoconfigure.web.servlet.MockMvcPrintOnlyOnFailureTestExecutionListener@302fec27, org.springframework.boot.test.autoconfigure.web.servlet.WebDriverTestExecutionListener@770d0ea6, org.springframework.boot.test.autoconfigure.webservices.client.MockWebServiceServerTestExecutionListener@48c40605]
2022-03-02 05:10:08,222 INFO org.springframework.boot.StartupInfoLogger [main] Starting EurekaServerApplicationTests using Java 11.0.12 on DESKTOP-FG950QQ with PID 9020 (started by Israel in C:\Users\Israel\Documents\workspace-spring-tool-suite-4-4.12.1.RELEASE\EurekaServer)
2022-03-02 05:10:08,222 INFO org.springframework.boot.SpringApplication [main] No active profile set, falling back to default profiles: default
2022-03-02 05:10:13,902 INFO org.springframework.cloud.context.scope.GenericScope [main] BeanFactory id=78fe61c0-2360-332f-bc1b-230ae5ab135b
2022-03-02 05:10:24,574 INFO org.springframework.cloud.netflix.eureka.config.DiscoveryClientOptionalArgsConfiguration [main] Eureka HTTP Client uses Jersey
2022-03-02 05:10:25,309 WARN org.springframework.cloud.loadbalancer.config.LoadBalancerCacheAutoConfiguration$LoadBalancerCaffeineWarnLogger [main] Spring Cloud LoadBalancer is currently working with the default cache. While this cache implementation is useful for development and tests, it's recommended to use Caffeine cache in production.You can switch to using Caffeine cache, by adding it and org.springframework.cache.caffeine.CaffeineCacheManager to the classpath.
2022-03-02 05:10:26,465 INFO org.springframework.cloud.netflix.eureka.InstanceInfoFactory [main] Setting initial instance status as: STARTING
2022-03-02 05:10:26,652 INFO com.netflix.discovery.DiscoveryClient [main] Initializing Eureka in region us-east-1
2022-03-02 05:10:26,652 INFO com.netflix.discovery.DiscoveryClient [main] Client configured to neither register nor query for data.
2022-03-02 05:10:26,715 INFO com.netflix.discovery.DiscoveryClient [main] Discovery Client initialized at timestamp 1646215826699 with initial instances count: 0
2022-03-02 05:10:27,035 INFO com.netflix.eureka.DefaultEurekaServerContext [main] Initializing ...
2022-03-02 05:10:27,051 INFO com.netflix.eureka.cluster.PeerEurekaNodes [main] Adding new peer nodes [http://localhost:8761/eureka/]
2022-03-02 05:10:28,723 INFO com.netflix.discovery.provider.DiscoveryJerseyProvider [main] Using JSON encoding codec LegacyJacksonJson
2022-03-02 05:10:28,723 INFO com.netflix.discovery.provider.DiscoveryJerseyProvider [main] Using JSON decoding codec LegacyJacksonJson
2022-03-02 05:10:28,723 INFO com.netflix.discovery.provider.DiscoveryJerseyProvider [main] Using XML encoding codec XStreamXml
2022-03-02 05:10:28,723 INFO com.netflix.discovery.provider.DiscoveryJerseyProvider [main] Using XML decoding codec XStreamXml
2022-03-02 05:10:30,075 INFO com.netflix.eureka.cluster.PeerEurekaNodes [main] Replica node URL:  http://localhost:8761/eureka/
2022-03-02 05:10:30,122 INFO com.netflix.eureka.registry.AbstractInstanceRegistry [main] Finished initializing remote region registries. All known remote regions: []
2022-03-02 05:10:30,137 INFO com.netflix.eureka.DefaultEurekaServerContext [main] Initialized
2022-03-02 05:10:30,950 INFO org.springframework.boot.actuate.endpoint.web.EndpointLinksResolver [main] Exposing 1 endpoint(s) beneath base path '/actuator'
2022-03-02 05:10:31,262 INFO org.springframework.cloud.netflix.eureka.serviceregistry.EurekaServiceRegistry [main] Registering application API-EUREKA-SERVER with eureka with status UP
2022-03-02 05:10:31,278 INFO org.springframework.cloud.netflix.eureka.server.EurekaServerBootstrap [Thread-10] Setting the eureka configuration..
2022-03-02 05:10:31,341 INFO org.springframework.cloud.netflix.eureka.server.EurekaServerBootstrap [Thread-10] isAws returned false
2022-03-02 05:10:31,356 INFO org.springframework.cloud.netflix.eureka.server.EurekaServerBootstrap [Thread-10] Initialized server context
2022-03-02 05:10:31,356 INFO com.netflix.eureka.registry.PeerAwareInstanceRegistryImpl [Thread-10] Got 1 instances from neighboring DS node
2022-03-02 05:10:31,356 INFO com.netflix.eureka.registry.PeerAwareInstanceRegistryImpl [Thread-10] Renew threshold is: 1
2022-03-02 05:10:31,356 INFO org.springframework.boot.StartupInfoLogger [main] Started EurekaServerApplicationTests in 25.765 seconds (JVM running for 34.172)
2022-03-02 05:10:31,356 INFO com.netflix.eureka.registry.PeerAwareInstanceRegistryImpl [Thread-10] Changing status to UP
2022-03-02 05:10:31,450 INFO org.springframework.cloud.netflix.eureka.server.EurekaServerInitializerConfiguration [Thread-10] Started Eureka Server
2022-03-02 05:10:33,378 INFO org.springframework.cloud.netflix.eureka.serviceregistry.EurekaServiceRegistry [SpringApplicationShutdownHook] Unregistering application API-EUREKA-SERVER with eureka with status DOWN
2022-03-02 05:10:33,378 INFO org.springframework.cloud.netflix.eureka.server.EurekaServerBootstrap [SpringApplicationShutdownHook] Shutting down Eureka Server..
2022-03-02 05:10:33,409 INFO com.netflix.eureka.DefaultEurekaServerContext [SpringApplicationShutdownHook] Shutting down ...
2022-03-02 05:10:33,472 INFO com.netflix.eureka.DefaultEurekaServerContext [SpringApplicationShutdownHook] Shut down
2022-03-02 05:10:33,472 INFO org.springframework.cloud.netflix.eureka.server.EurekaServerBootstrap [SpringApplicationShutdownHook] Eureka Service is now shutdown...
2022-03-02 05:10:33,487 INFO com.netflix.eureka.DefaultEurekaServerContext [SpringApplicationShutdownHook] Shutting down ...
2022-03-02 05:10:33,534 INFO com.netflix.eureka.DefaultEurekaServerContext [SpringApplicationShutdownHook] Shut down
2022-03-02 05:10:33,565 INFO com.netflix.discovery.DiscoveryClient [SpringApplicationShutdownHook] Shutting down DiscoveryClient ...
2022-03-02 05:10:33,565 INFO com.netflix.discovery.DiscoveryClient [SpringApplicationShutdownHook] Completed shut down of DiscoveryClient
