2022-03-03 05:27:32,684 INFO org.springframework.boot.StartupInfoLogger [restartedMain] Starting EurekaServerApplication using Java 16.0.2 on DESKTOP-FG950QQ with PID 11208 (C:\Users\Israel\Documents\workspace-spring-tool-suite-4-4.12.1.RELEASE\EurekaServer\target\classes started by Israel in C:\Users\Israel\Documents\workspace-spring-tool-suite-4-4.12.1.RELEASE\EurekaServer)
2022-03-03 05:27:32,707 INFO org.springframework.boot.SpringApplication [restartedMain] No active profile set, falling back to default profiles: default
2022-03-03 05:27:32,903 INFO org.springframework.boot.logging.DeferredLog [restartedMain] Devtools property defaults active! Set 'spring.devtools.add-properties' to 'false' to disable
2022-03-03 05:27:32,905 INFO org.springframework.boot.logging.DeferredLog [restartedMain] For additional web related logging consider setting the 'logging.level.web' property to 'DEBUG'
2022-03-03 05:27:37,052 INFO org.springframework.cloud.context.scope.GenericScope [restartedMain] BeanFactory id=e76cde05-6ecc-31f7-8d36-ab3f721c8cb7
2022-03-03 05:27:38,805 INFO org.springframework.boot.web.embedded.tomcat.TomcatWebServer [restartedMain] Tomcat initialized with port(s): 8761 (http)
2022-03-03 05:27:38,852 INFO org.apache.juli.logging.DirectJDKLog [restartedMain] Initializing ProtocolHandler ["http-nio-8761"]
2022-03-03 05:27:38,854 INFO org.apache.juli.logging.DirectJDKLog [restartedMain] Starting service [Tomcat]
2022-03-03 05:27:38,855 INFO org.apache.juli.logging.DirectJDKLog [restartedMain] Starting Servlet engine: [Apache Tomcat/9.0.56]
2022-03-03 05:27:39,237 INFO org.apache.juli.logging.DirectJDKLog [restartedMain] Initializing Spring embedded WebApplicationContext
2022-03-03 05:27:39,238 INFO org.springframework.boot.web.servlet.context.ServletWebServerApplicationContext [restartedMain] Root WebApplicationContext: initialization completed in 6330 ms
2022-03-03 05:27:40,754 INFO com.sun.jersey.server.impl.application.WebApplicationImpl [restartedMain] Initiating Jersey application, version 'Jersey: 1.19.4 05/24/2017 03:20 PM'
2022-03-03 05:27:41,052 INFO com.netflix.discovery.provider.DiscoveryJerseyProvider [restartedMain] Using JSON encoding codec LegacyJacksonJson
2022-03-03 05:27:41,060 INFO com.netflix.discovery.provider.DiscoveryJerseyProvider [restartedMain] Using JSON decoding codec LegacyJacksonJson
2022-03-03 05:27:41,692 INFO com.netflix.discovery.provider.DiscoveryJerseyProvider [restartedMain] Using XML encoding codec XStreamXml
2022-03-03 05:27:41,694 INFO com.netflix.discovery.provider.DiscoveryJerseyProvider [restartedMain] Using XML decoding codec XStreamXml
2022-03-03 05:27:45,979 INFO org.springframework.boot.devtools.autoconfigure.OptionalLiveReloadServer [restartedMain] LiveReload server is running on port 35729
2022-03-03 05:27:46,301 INFO org.springframework.cloud.netflix.eureka.config.DiscoveryClientOptionalArgsConfiguration [restartedMain] Eureka HTTP Client uses Jersey
2022-03-03 05:27:46,499 WARN org.springframework.cloud.loadbalancer.config.LoadBalancerCacheAutoConfiguration$LoadBalancerCaffeineWarnLogger [restartedMain] Spring Cloud LoadBalancer is currently working with the default cache. While this cache implementation is useful for development and tests, it's recommended to use Caffeine cache in production.You can switch to using Caffeine cache, by adding it and org.springframework.cache.caffeine.CaffeineCacheManager to the classpath.
2022-03-03 05:27:46,555 INFO org.springframework.cloud.netflix.eureka.InstanceInfoFactory [restartedMain] Setting initial instance status as: STARTING
2022-03-03 05:27:46,655 INFO com.netflix.discovery.DiscoveryClient [restartedMain] Initializing Eureka in region us-east-1
2022-03-03 05:27:46,657 INFO com.netflix.discovery.DiscoveryClient [restartedMain] Client configured to neither register nor query for data.
2022-03-03 05:27:46,692 INFO com.netflix.discovery.DiscoveryClient [restartedMain] Discovery Client initialized at timestamp 1646303266689 with initial instances count: 0
2022-03-03 05:27:46,846 INFO com.netflix.eureka.DefaultEurekaServerContext [restartedMain] Initializing ...
2022-03-03 05:27:46,855 INFO com.netflix.eureka.cluster.PeerEurekaNodes [restartedMain] Adding new peer nodes [http://localhost:8761/eureka/]
2022-03-03 05:27:47,448 INFO com.netflix.discovery.provider.DiscoveryJerseyProvider [restartedMain] Using JSON encoding codec LegacyJacksonJson
2022-03-03 05:27:47,449 INFO com.netflix.discovery.provider.DiscoveryJerseyProvider [restartedMain] Using JSON decoding codec LegacyJacksonJson
2022-03-03 05:27:47,450 INFO com.netflix.discovery.provider.DiscoveryJerseyProvider [restartedMain] Using XML encoding codec XStreamXml
2022-03-03 05:27:47,451 INFO com.netflix.discovery.provider.DiscoveryJerseyProvider [restartedMain] Using XML decoding codec XStreamXml
2022-03-03 05:27:47,765 INFO org.apache.juli.logging.DirectJDKLog [RMI TCP Connection(3)-127.0.0.1] Initializing Spring DispatcherServlet 'dispatcherServlet'
2022-03-03 05:27:47,766 INFO org.springframework.web.servlet.FrameworkServlet [RMI TCP Connection(3)-127.0.0.1] Initializing Servlet 'dispatcherServlet'
2022-03-03 05:27:48,304 INFO com.netflix.eureka.cluster.PeerEurekaNodes [restartedMain] Replica node URL:  http://localhost:8761/eureka/
2022-03-03 05:27:48,410 INFO com.netflix.eureka.registry.AbstractInstanceRegistry [restartedMain] Finished initializing remote region registries. All known remote regions: []
2022-03-03 05:27:48,436 INFO com.netflix.eureka.DefaultEurekaServerContext [restartedMain] Initialized
2022-03-03 05:27:48,477 INFO org.springframework.boot.actuate.endpoint.web.EndpointLinksResolver [RMI TCP Connection(3)-127.0.0.1] Exposing 1 endpoint(s) beneath base path '/actuator'
2022-03-03 05:27:48,505 INFO org.springframework.web.servlet.FrameworkServlet [RMI TCP Connection(3)-127.0.0.1] Completed initialization in 739 ms
2022-03-03 05:27:48,787 INFO org.springframework.cloud.netflix.eureka.serviceregistry.EurekaServiceRegistry [restartedMain] Registering application API-EUREKA-SERVER with eureka with status UP
2022-03-03 05:27:48,798 INFO org.springframework.cloud.netflix.eureka.server.EurekaServerBootstrap [Thread-15] Setting the eureka configuration..
2022-03-03 05:27:48,804 INFO org.apache.juli.logging.DirectJDKLog [restartedMain] Starting ProtocolHandler ["http-nio-8761"]
2022-03-03 05:27:48,847 INFO org.springframework.cloud.netflix.eureka.server.EurekaServerBootstrap [Thread-15] isAws returned false
2022-03-03 05:27:48,849 INFO org.springframework.cloud.netflix.eureka.server.EurekaServerBootstrap [Thread-15] Initialized server context
2022-03-03 05:27:48,850 INFO com.netflix.eureka.registry.PeerAwareInstanceRegistryImpl [Thread-15] Got 1 instances from neighboring DS node
2022-03-03 05:27:48,851 INFO com.netflix.eureka.registry.PeerAwareInstanceRegistryImpl [Thread-15] Renew threshold is: 1
2022-03-03 05:27:48,852 INFO com.netflix.eureka.registry.PeerAwareInstanceRegistryImpl [Thread-15] Changing status to UP
2022-03-03 05:27:48,936 INFO org.springframework.boot.web.embedded.tomcat.TomcatWebServer [restartedMain] Tomcat started on port(s): 8761 (http) with context path ''
2022-03-03 05:27:48,940 INFO org.springframework.cloud.netflix.eureka.serviceregistry.EurekaAutoServiceRegistration [restartedMain] Updating port to 8761
2022-03-03 05:27:49,067 INFO org.springframework.cloud.netflix.eureka.server.EurekaServerInitializerConfiguration [Thread-15] Started Eureka Server
2022-03-03 05:27:49,263 INFO org.springframework.boot.StartupInfoLogger [restartedMain] Started EurekaServerApplication in 20.373 seconds (JVM running for 25.457)
2022-03-03 05:28:48,854 INFO com.netflix.eureka.registry.AbstractInstanceRegistry$EvictionTask [Eureka-EvictionTimer] Running the evict task with compensationTime 0ms
2022-03-03 05:29:48,854 INFO com.netflix.eureka.registry.AbstractInstanceRegistry$EvictionTask [Eureka-EvictionTimer] Running the evict task with compensationTime 0ms
2022-03-03 05:30:48,855 INFO com.netflix.eureka.registry.AbstractInstanceRegistry$EvictionTask [Eureka-EvictionTimer] Running the evict task with compensationTime 0ms
2022-03-03 05:31:48,857 INFO com.netflix.eureka.registry.AbstractInstanceRegistry$EvictionTask [Eureka-EvictionTimer] Running the evict task with compensationTime 1ms
2022-03-03 05:32:48,857 INFO com.netflix.eureka.registry.AbstractInstanceRegistry$EvictionTask [Eureka-EvictionTimer] Running the evict task with compensationTime 0ms
2022-03-03 05:33:49,091 INFO com.netflix.eureka.registry.AbstractInstanceRegistry$EvictionTask [Eureka-EvictionTimer] Running the evict task with compensationTime 189ms
2022-03-03 05:34:22,205 INFO com.netflix.eureka.registry.AbstractInstanceRegistry [http-nio-8761-exec-2] Registered instance API-FRAUDES/api-fraudes:355358db1959bde893baad964543f9dc with status UP (replication=false)
2022-03-03 05:34:23,029 INFO com.netflix.eureka.registry.AbstractInstanceRegistry [http-nio-8761-exec-3] Registered instance API-FRAUDES/api-fraudes:355358db1959bde893baad964543f9dc with status UP (replication=true)
2022-03-03 05:34:49,047 INFO com.netflix.eureka.registry.AbstractInstanceRegistry$EvictionTask [Eureka-EvictionTimer] Running the evict task with compensationTime 0ms
2022-03-03 05:35:49,048 INFO com.netflix.eureka.registry.AbstractInstanceRegistry$EvictionTask [Eureka-EvictionTimer] Running the evict task with compensationTime 0ms
2022-03-03 05:36:49,048 INFO com.netflix.eureka.registry.AbstractInstanceRegistry$EvictionTask [Eureka-EvictionTimer] Running the evict task with compensationTime 0ms
2022-03-03 05:37:10,631 INFO com.netflix.eureka.registry.AbstractInstanceRegistry [http-nio-8761-exec-10] Registered instance API-FRAUDES/api-fraudes:c85ea996eb5e13808ddc76e10235159d with status UP (replication=false)
2022-03-03 05:37:11,149 INFO com.netflix.eureka.registry.AbstractInstanceRegistry [http-nio-8761-exec-1] Registered instance API-FRAUDES/api-fraudes:c85ea996eb5e13808ddc76e10235159d with status UP (replication=true)
2022-03-03 05:37:49,049 INFO com.netflix.eureka.registry.AbstractInstanceRegistry$EvictionTask [Eureka-EvictionTimer] Running the evict task with compensationTime 1ms
2022-03-03 05:38:49,050 INFO com.netflix.eureka.registry.AbstractInstanceRegistry$EvictionTask [Eureka-EvictionTimer] Running the evict task with compensationTime 0ms
2022-03-03 05:39:49,050 INFO com.netflix.eureka.registry.AbstractInstanceRegistry$EvictionTask [Eureka-EvictionTimer] Running the evict task with compensationTime 0ms
2022-03-03 05:40:49,050 INFO com.netflix.eureka.registry.AbstractInstanceRegistry$EvictionTask [Eureka-EvictionTimer] Running the evict task with compensationTime 0ms
2022-03-03 05:41:49,051 INFO com.netflix.eureka.registry.AbstractInstanceRegistry$EvictionTask [Eureka-EvictionTimer] Running the evict task with compensationTime 0ms
2022-03-03 05:41:53,352 INFO com.netflix.eureka.registry.AbstractInstanceRegistry [http-nio-8761-exec-10] Registered instance API-GATEWAY-SERVER/DESKTOP-FG950QQ.local:api-gateway-server:8090 with status UP (replication=false)
2022-03-03 05:41:53,872 INFO com.netflix.eureka.registry.AbstractInstanceRegistry [http-nio-8761-exec-1] Registered instance API-GATEWAY-SERVER/DESKTOP-FG950QQ.local:api-gateway-server:8090 with status UP (replication=true)
2022-03-03 05:42:48,410 INFO com.netflix.eureka.registry.PeerAwareInstanceRegistryImpl [ReplicaAwareInstanceRegistry - RenewalThresholdUpdater] Current renewal threshold is : 6
2022-03-03 05:42:49,051 INFO com.netflix.eureka.registry.AbstractInstanceRegistry$EvictionTask [Eureka-EvictionTimer] Running the evict task with compensationTime 0ms
2022-03-03 05:43:49,052 INFO com.netflix.eureka.registry.AbstractInstanceRegistry$EvictionTask [Eureka-EvictionTimer] Running the evict task with compensationTime 1ms
2022-03-03 05:44:49,052 INFO com.netflix.eureka.registry.AbstractInstanceRegistry$EvictionTask [Eureka-EvictionTimer] Running the evict task with compensationTime 0ms
2022-03-03 05:45:49,053 INFO com.netflix.eureka.registry.AbstractInstanceRegistry$EvictionTask [Eureka-EvictionTimer] Running the evict task with compensationTime 0ms
2022-03-03 05:46:49,053 INFO com.netflix.eureka.registry.AbstractInstanceRegistry$EvictionTask [Eureka-EvictionTimer] Running the evict task with compensationTime 0ms
2022-03-03 05:47:49,054 INFO com.netflix.eureka.registry.AbstractInstanceRegistry$EvictionTask [Eureka-EvictionTimer] Running the evict task with compensationTime 0ms
2022-03-03 05:48:49,054 INFO com.netflix.eureka.registry.AbstractInstanceRegistry$EvictionTask [Eureka-EvictionTimer] Running the evict task with compensationTime 0ms
2022-03-03 05:49:49,054 INFO com.netflix.eureka.registry.AbstractInstanceRegistry$EvictionTask [Eureka-EvictionTimer] Running the evict task with compensationTime 0ms
2022-03-03 05:50:49,055 INFO com.netflix.eureka.registry.AbstractInstanceRegistry$EvictionTask [Eureka-EvictionTimer] Running the evict task with compensationTime 0ms
2022-03-03 05:51:49,055 INFO com.netflix.eureka.registry.AbstractInstanceRegistry$EvictionTask [Eureka-EvictionTimer] Running the evict task with compensationTime 0ms
2022-03-03 09:14:18,662 INFO com.netflix.eureka.registry.AbstractInstanceRegistry$EvictionTask [Eureka-EvictionTimer] Running the evict task with compensationTime 12089618ms
2022-03-03 09:15:18,663 INFO com.netflix.eureka.registry.AbstractInstanceRegistry$EvictionTask [Eureka-EvictionTimer] Running the evict task with compensationTime 0ms
2022-03-03 09:16:18,663 INFO com.netflix.eureka.registry.AbstractInstanceRegistry$EvictionTask [Eureka-EvictionTimer] Running the evict task with compensationTime 0ms
2022-03-03 09:17:19,058 INFO com.netflix.eureka.registry.AbstractInstanceRegistry$EvictionTask [Eureka-EvictionTimer] Running the evict task with compensationTime 395ms
2022-03-03 09:18:19,059 INFO com.netflix.eureka.registry.AbstractInstanceRegistry$EvictionTask [Eureka-EvictionTimer] Running the evict task with compensationTime 0ms
2022-03-03 09:18:26,390 INFO com.netflix.eureka.registry.AbstractInstanceRegistry [http-nio-8761-exec-9] Registered instance API-GATEWAY-SERVER/DESKTOP-FG950QQ.local:api-gateway-server:8090 with status DOWN (replication=false)
2022-03-03 09:18:26,902 INFO com.netflix.eureka.registry.AbstractInstanceRegistry [http-nio-8761-exec-5] Registered instance API-GATEWAY-SERVER/DESKTOP-FG950QQ.local:api-gateway-server:8090 with status DOWN (replication=true)
2022-03-03 09:18:30,337 INFO com.netflix.eureka.registry.AbstractInstanceRegistry [http-nio-8761-exec-1] Registered instance API-FRAUDES/api-fraudes:355358db1959bde893baad964543f9dc with status DOWN (replication=false)
2022-03-03 09:18:30,858 INFO com.netflix.eureka.registry.AbstractInstanceRegistry [http-nio-8761-exec-4] Registered instance API-FRAUDES/api-fraudes:355358db1959bde893baad964543f9dc with status DOWN (replication=true)
2022-03-03 09:18:31,512 INFO com.netflix.eureka.registry.AbstractInstanceRegistry [http-nio-8761-exec-8] Cancelled instance API-GATEWAY-SERVER/DESKTOP-FG950QQ.local:api-gateway-server:8090 (replication=false)
2022-03-03 09:18:32,028 WARN com.netflix.eureka.registry.AbstractInstanceRegistry [http-nio-8761-exec-3] DS: Registry: cancel failed because Lease is not registered for: API-GATEWAY-SERVER/DESKTOP-FG950QQ.local:api-gateway-server:8090
2022-03-03 09:18:32,029 INFO com.netflix.eureka.resources.InstanceResource [http-nio-8761-exec-3] Not Found (Cancel): API-GATEWAY-SERVER - DESKTOP-FG950QQ.local:api-gateway-server:8090
2022-03-03 09:18:32,032 WARN com.netflix.eureka.cluster.ReplicationTask [TaskBatchingWorker-target_localhost-1] The replication of task API-GATEWAY-SERVER/DESKTOP-FG950QQ.local:api-gateway-server:8090:Cancel@localhost failed with response code 404
2022-03-03 09:18:32,033 WARN com.netflix.eureka.cluster.PeerEurekaNode$2 [TaskBatchingWorker-target_localhost-1] API-GATEWAY-SERVER/DESKTOP-FG950QQ.local:api-gateway-server:8090:Cancel@localhost: missing entry.
2022-03-03 09:18:33,665 INFO com.netflix.eureka.registry.AbstractInstanceRegistry [http-nio-8761-exec-2] Cancelled instance API-FRAUDES/api-fraudes:355358db1959bde893baad964543f9dc (replication=false)
2022-03-03 09:18:34,178 WARN com.netflix.eureka.registry.AbstractInstanceRegistry [http-nio-8761-exec-7] DS: Registry: cancel failed because Lease is not registered for: API-FRAUDES/api-fraudes:355358db1959bde893baad964543f9dc
2022-03-03 09:18:34,181 INFO com.netflix.eureka.resources.InstanceResource [http-nio-8761-exec-7] Not Found (Cancel): API-FRAUDES - api-fraudes:355358db1959bde893baad964543f9dc
2022-03-03 09:18:34,187 WARN com.netflix.eureka.cluster.ReplicationTask [TaskBatchingWorker-target_localhost-4] The replication of task API-FRAUDES/api-fraudes:355358db1959bde893baad964543f9dc:Cancel@localhost failed with response code 404
2022-03-03 09:18:34,188 WARN com.netflix.eureka.cluster.PeerEurekaNode$2 [TaskBatchingWorker-target_localhost-4] API-FRAUDES/api-fraudes:355358db1959bde893baad964543f9dc:Cancel@localhost: missing entry.
2022-03-03 09:18:35,401 INFO com.netflix.eureka.registry.AbstractInstanceRegistry [http-nio-8761-exec-1] Registered instance API-FRAUDES/api-fraudes:c85ea996eb5e13808ddc76e10235159d with status DOWN (replication=false)
2022-03-03 09:18:35,440 INFO org.springframework.boot.admin.SpringApplicationAdminMXBeanRegistrar$SpringApplicationAdmin [RMI TCP Connection(44)-127.0.0.1] Application shutdown requested.
2022-03-03 09:18:35,444 INFO org.springframework.cloud.netflix.eureka.serviceregistry.EurekaServiceRegistry [RMI TCP Connection(44)-127.0.0.1] Unregistering application API-EUREKA-SERVER with eureka with status DOWN
2022-03-03 09:18:35,561 INFO org.springframework.cloud.netflix.eureka.server.EurekaServerBootstrap [RMI TCP Connection(44)-127.0.0.1] Shutting down Eureka Server..
2022-03-03 09:18:35,741 INFO com.netflix.eureka.DefaultEurekaServerContext [RMI TCP Connection(44)-127.0.0.1] Shutting down ...
2022-03-03 09:18:35,776 INFO com.netflix.servo.monitor.StatsMonitor [RMI TCP Connection(44)-127.0.0.1] Attempting to get the value for an expired monitor: eurekaServer.replication.batchSize.Will start computing stats again.
2022-03-03 09:18:35,816 INFO com.netflix.servo.monitor.StatsMonitor [RMI TCP Connection(44)-127.0.0.1] Attempting to get the value for an expired monitor: eurekaServer.replication.executionTime.Will start computing stats again.
2022-03-03 09:18:35,861 INFO com.netflix.servo.monitor.StatsMonitor [RMI TCP Connection(44)-127.0.0.1] Attempting to get the value for an expired monitor: eurekaServer.replication.executionTime.Will start computing stats again.
2022-03-03 09:18:35,912 INFO com.netflix.servo.monitor.StatsMonitor [RMI TCP Connection(44)-127.0.0.1] Attempting to get the value for an expired monitor: eurekaServer.replication.batchSize.Will start computing stats again.
2022-03-03 09:18:36,452 INFO com.netflix.eureka.DefaultEurekaServerContext [RMI TCP Connection(44)-127.0.0.1] Shut down
2022-03-03 09:18:36,453 INFO org.springframework.cloud.netflix.eureka.server.EurekaServerBootstrap [RMI TCP Connection(44)-127.0.0.1] Eureka Service is now shutdown...
2022-03-03 09:18:36,455 INFO com.netflix.eureka.DefaultEurekaServerContext [RMI TCP Connection(44)-127.0.0.1] Shutting down ...
2022-03-03 09:18:36,721 INFO com.netflix.eureka.DefaultEurekaServerContext [RMI TCP Connection(44)-127.0.0.1] Shut down
2022-03-03 09:18:36,872 INFO com.netflix.discovery.DiscoveryClient [RMI TCP Connection(44)-127.0.0.1] Shutting down DiscoveryClient ...
2022-03-03 09:18:36,906 INFO com.netflix.discovery.DiscoveryClient [RMI TCP Connection(44)-127.0.0.1] Completed shut down of DiscoveryClient
2022-03-03 09:54:51,702 INFO org.springframework.boot.StartupInfoLogger [restartedMain] Starting EurekaServerApplication using Java 16.0.2 on DESKTOP-FG950QQ with PID 9376 (C:\Users\Israel\Documents\workspace-spring-tool-suite-4-4.12.1.RELEASE\EurekaServer\target\classes started by Israel in C:\Users\Israel\Documents\workspace-spring-tool-suite-4-4.12.1.RELEASE\EurekaServer)
2022-03-03 09:54:51,718 INFO org.springframework.boot.SpringApplication [restartedMain] No active profile set, falling back to default profiles: default
2022-03-03 09:54:51,983 INFO org.springframework.boot.logging.DeferredLog [restartedMain] Devtools property defaults active! Set 'spring.devtools.add-properties' to 'false' to disable
2022-03-03 09:54:51,985 INFO org.springframework.boot.logging.DeferredLog [restartedMain] For additional web related logging consider setting the 'logging.level.web' property to 'DEBUG'
2022-03-03 09:54:57,210 INFO org.springframework.cloud.context.scope.GenericScope [restartedMain] BeanFactory id=e76cde05-6ecc-31f7-8d36-ab3f721c8cb7
2022-03-03 09:54:59,364 INFO org.springframework.boot.web.embedded.tomcat.TomcatWebServer [restartedMain] Tomcat initialized with port(s): 8761 (http)
2022-03-03 09:54:59,408 INFO org.apache.juli.logging.DirectJDKLog [restartedMain] Initializing ProtocolHandler ["http-nio-8761"]
2022-03-03 09:54:59,411 INFO org.apache.juli.logging.DirectJDKLog [restartedMain] Starting service [Tomcat]
2022-03-03 09:54:59,412 INFO org.apache.juli.logging.DirectJDKLog [restartedMain] Starting Servlet engine: [Apache Tomcat/9.0.56]
2022-03-03 09:54:59,925 INFO org.apache.juli.logging.DirectJDKLog [restartedMain] Initializing Spring embedded WebApplicationContext
2022-03-03 09:54:59,927 INFO org.springframework.boot.web.servlet.context.ServletWebServerApplicationContext [restartedMain] Root WebApplicationContext: initialization completed in 7938 ms
2022-03-03 09:55:02,036 INFO com.sun.jersey.server.impl.application.WebApplicationImpl [restartedMain] Initiating Jersey application, version 'Jersey: 1.19.4 05/24/2017 03:20 PM'
2022-03-03 09:55:02,333 INFO com.netflix.discovery.provider.DiscoveryJerseyProvider [restartedMain] Using JSON encoding codec LegacyJacksonJson
2022-03-03 09:55:02,338 INFO com.netflix.discovery.provider.DiscoveryJerseyProvider [restartedMain] Using JSON decoding codec LegacyJacksonJson
2022-03-03 09:55:03,120 INFO com.netflix.discovery.provider.DiscoveryJerseyProvider [restartedMain] Using XML encoding codec XStreamXml
2022-03-03 09:55:03,123 INFO com.netflix.discovery.provider.DiscoveryJerseyProvider [restartedMain] Using XML decoding codec XStreamXml
2022-03-03 09:55:08,272 INFO org.springframework.cloud.commons.util.InetUtils [restartedMain] Cannot determine local hostname
2022-03-03 09:55:10,022 WARN org.springframework.boot.devtools.autoconfigure.OptionalLiveReloadServer [restartedMain] Unable to start LiveReload server
2022-03-03 09:55:10,258 INFO org.apache.juli.logging.DirectJDKLog [RMI TCP Connection(1)-127.0.0.1] Initializing Spring DispatcherServlet 'dispatcherServlet'
2022-03-03 09:55:10,265 INFO org.springframework.web.servlet.FrameworkServlet [RMI TCP Connection(1)-127.0.0.1] Initializing Servlet 'dispatcherServlet'
2022-03-03 09:55:14,614 INFO org.springframework.cloud.commons.util.InetUtils [restartedMain] Cannot determine local hostname
2022-03-03 09:55:14,650 INFO org.springframework.boot.actuate.endpoint.web.EndpointLinksResolver [RMI TCP Connection(1)-127.0.0.1] Exposing 1 endpoint(s) beneath base path '/actuator'
2022-03-03 09:55:14,683 INFO org.springframework.web.servlet.FrameworkServlet [RMI TCP Connection(1)-127.0.0.1] Completed initialization in 4416 ms
2022-03-03 09:55:14,692 INFO org.springframework.cloud.netflix.eureka.config.DiscoveryClientOptionalArgsConfiguration [restartedMain] Eureka HTTP Client uses Jersey
2022-03-03 09:55:15,303 WARN org.springframework.cloud.loadbalancer.config.LoadBalancerCacheAutoConfiguration$LoadBalancerCaffeineWarnLogger [restartedMain] Spring Cloud LoadBalancer is currently working with the default cache. While this cache implementation is useful for development and tests, it's recommended to use Caffeine cache in production.You can switch to using Caffeine cache, by adding it and org.springframework.cache.caffeine.CaffeineCacheManager to the classpath.
2022-03-03 09:55:15,417 INFO org.springframework.cloud.netflix.eureka.InstanceInfoFactory [restartedMain] Setting initial instance status as: STARTING
2022-03-03 09:55:15,581 INFO com.netflix.discovery.DiscoveryClient [restartedMain] Initializing Eureka in region us-east-1
2022-03-03 09:55:15,587 INFO com.netflix.discovery.DiscoveryClient [restartedMain] Client configured to neither register nor query for data.
2022-03-03 09:55:15,685 INFO com.netflix.discovery.DiscoveryClient [restartedMain] Discovery Client initialized at timestamp 1646319315681 with initial instances count: 0
2022-03-03 09:55:16,074 INFO com.netflix.eureka.DefaultEurekaServerContext [restartedMain] Initializing ...
2022-03-03 09:55:16,138 WARN com.netflix.eureka.cluster.PeerEurekaNodes [restartedMain] The replica size seems to be empty. Check the route 53 DNS Registry
2022-03-03 09:55:16,431 INFO com.netflix.eureka.registry.AbstractInstanceRegistry [restartedMain] Finished initializing remote region registries. All known remote regions: []
2022-03-03 09:55:16,478 INFO com.netflix.eureka.DefaultEurekaServerContext [restartedMain] Initialized
2022-03-03 09:55:17,039 INFO org.springframework.cloud.netflix.eureka.serviceregistry.EurekaServiceRegistry [restartedMain] Registering application API-EUREKA-SERVER with eureka with status UP
2022-03-03 09:55:17,064 INFO org.apache.juli.logging.DirectJDKLog [restartedMain] Starting ProtocolHandler ["http-nio-8761"]
2022-03-03 09:55:17,064 INFO org.springframework.cloud.netflix.eureka.server.EurekaServerBootstrap [Thread-13] Setting the eureka configuration..
2022-03-03 09:55:17,112 WARN org.springframework.context.support.AbstractApplicationContext [restartedMain] Exception encountered during context initialization - cancelling refresh attempt: org.springframework.context.ApplicationContextException: Failed to start bean 'webServerStartStop'; nested exception is org.springframework.boot.web.server.PortInUseException: Port 8761 is already in use
2022-03-03 09:55:17,114 INFO com.netflix.eureka.DefaultEurekaServerContext [restartedMain] Shutting down ...
2022-03-03 09:55:17,127 INFO org.springframework.cloud.netflix.eureka.server.EurekaServerBootstrap [Thread-13] isAws returned false
2022-03-03 09:55:17,130 INFO org.springframework.cloud.netflix.eureka.server.EurekaServerBootstrap [Thread-13] Initialized server context
2022-03-03 09:55:17,132 INFO com.netflix.eureka.registry.PeerAwareInstanceRegistryImpl [Thread-13] Got 1 instances from neighboring DS node
2022-03-03 09:55:17,132 INFO com.netflix.eureka.registry.PeerAwareInstanceRegistryImpl [Thread-13] Renew threshold is: 1
2022-03-03 09:55:17,133 INFO com.netflix.eureka.registry.PeerAwareInstanceRegistryImpl [Thread-13] Changing status to UP
2022-03-03 09:55:17,354 INFO org.springframework.cloud.netflix.eureka.server.EurekaServerInitializerConfiguration [Thread-13] Started Eureka Server
2022-03-03 09:55:17,468 INFO com.netflix.eureka.DefaultEurekaServerContext [restartedMain] Shut down
2022-03-03 09:55:17,622 INFO com.netflix.discovery.DiscoveryClient [restartedMain] Shutting down DiscoveryClient ...
2022-03-03 09:55:17,668 INFO com.netflix.discovery.DiscoveryClient [restartedMain] Completed shut down of DiscoveryClient
2022-03-03 09:55:17,676 INFO org.apache.juli.logging.DirectJDKLog [restartedMain] Pausing ProtocolHandler ["http-nio-8761"]
2022-03-03 09:55:17,680 INFO org.apache.juli.logging.DirectJDKLog [restartedMain] Stopping service [Tomcat]
2022-03-03 09:55:17,683 INFO org.apache.juli.logging.DirectJDKLog [restartedMain] Destroying Spring FrameworkServlet 'dispatcherServlet'
2022-03-03 09:55:17,704 INFO org.apache.juli.logging.DirectJDKLog [restartedMain] Stopping ProtocolHandler ["http-nio-8761"]
2022-03-03 09:55:17,709 INFO org.apache.juli.logging.DirectJDKLog [restartedMain] Destroying ProtocolHandler ["http-nio-8761"]
2022-03-03 09:55:17,715 INFO org.springframework.boot.autoconfigure.logging.ConditionEvaluationReportLoggingListener [restartedMain] 

Error starting ApplicationContext. To display the conditions report re-run your application with 'debug' enabled.
2022-03-03 09:55:17,820 ERROR org.springframework.boot.diagnostics.LoggingFailureAnalysisReporter [restartedMain] 

***************************
APPLICATION FAILED TO START
***************************

Description:

Web server failed to start. Port 8761 was already in use.

Action:

Identify and stop the process that's listening on port 8761 or configure this application to listen on another port.

2022-03-03 09:56:23,857 INFO org.springframework.boot.StartupInfoLogger [restartedMain] Starting EurekaServerApplication using Java 16.0.2 on DESKTOP-FG950QQ with PID 13432 (C:\Users\Israel\Documents\workspace-spring-tool-suite-4-4.12.1.RELEASE\EurekaServer\target\classes started by Israel in C:\Users\Israel\Documents\workspace-spring-tool-suite-4-4.12.1.RELEASE\EurekaServer)
2022-03-03 09:56:23,883 INFO org.springframework.boot.SpringApplication [restartedMain] No active profile set, falling back to default profiles: default
2022-03-03 09:56:24,154 INFO org.springframework.boot.logging.DeferredLog [restartedMain] Devtools property defaults active! Set 'spring.devtools.add-properties' to 'false' to disable
2022-03-03 09:56:24,156 INFO org.springframework.boot.logging.DeferredLog [restartedMain] For additional web related logging consider setting the 'logging.level.web' property to 'DEBUG'
2022-03-03 09:56:29,988 INFO org.springframework.cloud.context.scope.GenericScope [restartedMain] BeanFactory id=e76cde05-6ecc-31f7-8d36-ab3f721c8cb7
2022-03-03 09:56:32,077 INFO org.springframework.boot.web.embedded.tomcat.TomcatWebServer [restartedMain] Tomcat initialized with port(s): 8761 (http)
2022-03-03 09:56:32,121 INFO org.apache.juli.logging.DirectJDKLog [restartedMain] Initializing ProtocolHandler ["http-nio-8761"]
2022-03-03 09:56:32,125 INFO org.apache.juli.logging.DirectJDKLog [restartedMain] Starting service [Tomcat]
2022-03-03 09:56:32,128 INFO org.apache.juli.logging.DirectJDKLog [restartedMain] Starting Servlet engine: [Apache Tomcat/9.0.56]
2022-03-03 09:56:32,617 INFO org.apache.juli.logging.DirectJDKLog [restartedMain] Initializing Spring embedded WebApplicationContext
2022-03-03 09:56:32,627 INFO org.springframework.boot.web.servlet.context.ServletWebServerApplicationContext [restartedMain] Root WebApplicationContext: initialization completed in 8468 ms
2022-03-03 09:56:34,792 INFO com.sun.jersey.server.impl.application.WebApplicationImpl [restartedMain] Initiating Jersey application, version 'Jersey: 1.19.4 05/24/2017 03:20 PM'
2022-03-03 09:56:35,126 INFO com.netflix.discovery.provider.DiscoveryJerseyProvider [restartedMain] Using JSON encoding codec LegacyJacksonJson
2022-03-03 09:56:35,132 INFO com.netflix.discovery.provider.DiscoveryJerseyProvider [restartedMain] Using JSON decoding codec LegacyJacksonJson
2022-03-03 09:56:35,984 INFO com.netflix.discovery.provider.DiscoveryJerseyProvider [restartedMain] Using XML encoding codec XStreamXml
2022-03-03 09:56:35,985 INFO com.netflix.discovery.provider.DiscoveryJerseyProvider [restartedMain] Using XML decoding codec XStreamXml
2022-03-03 09:56:41,304 INFO org.springframework.cloud.commons.util.InetUtils [restartedMain] Cannot determine local hostname
2022-03-03 09:56:42,931 INFO org.springframework.boot.devtools.autoconfigure.OptionalLiveReloadServer [restartedMain] LiveReload server is running on port 35729
2022-03-03 09:56:44,281 INFO org.springframework.cloud.commons.util.InetUtils [restartedMain] Cannot determine local hostname
2022-03-03 09:56:44,320 INFO org.springframework.cloud.netflix.eureka.config.DiscoveryClientOptionalArgsConfiguration [restartedMain] Eureka HTTP Client uses Jersey
2022-03-03 09:56:44,633 WARN org.springframework.cloud.loadbalancer.config.LoadBalancerCacheAutoConfiguration$LoadBalancerCaffeineWarnLogger [restartedMain] Spring Cloud LoadBalancer is currently working with the default cache. While this cache implementation is useful for development and tests, it's recommended to use Caffeine cache in production.You can switch to using Caffeine cache, by adding it and org.springframework.cache.caffeine.CaffeineCacheManager to the classpath.
2022-03-03 09:56:44,746 INFO org.springframework.cloud.netflix.eureka.InstanceInfoFactory [restartedMain] Setting initial instance status as: STARTING
2022-03-03 09:56:44,925 INFO org.apache.juli.logging.DirectJDKLog [RMI TCP Connection(1)-127.0.0.1] Initializing Spring DispatcherServlet 'dispatcherServlet'
2022-03-03 09:56:44,926 INFO org.springframework.web.servlet.FrameworkServlet [RMI TCP Connection(1)-127.0.0.1] Initializing Servlet 'dispatcherServlet'
2022-03-03 09:56:44,999 INFO com.netflix.discovery.DiscoveryClient [restartedMain] Initializing Eureka in region us-east-1
2022-03-03 09:56:45,001 INFO com.netflix.discovery.DiscoveryClient [restartedMain] Client configured to neither register nor query for data.
2022-03-03 09:56:45,072 INFO com.netflix.discovery.DiscoveryClient [restartedMain] Discovery Client initialized at timestamp 1646319405068 with initial instances count: 0
2022-03-03 09:56:45,253 INFO com.netflix.eureka.DefaultEurekaServerContext [restartedMain] Initializing ...
2022-03-03 09:56:45,264 WARN com.netflix.eureka.cluster.PeerEurekaNodes [restartedMain] The replica size seems to be empty. Check the route 53 DNS Registry
2022-03-03 09:56:45,423 INFO com.netflix.eureka.registry.AbstractInstanceRegistry [restartedMain] Finished initializing remote region registries. All known remote regions: []
2022-03-03 09:56:45,451 INFO com.netflix.eureka.DefaultEurekaServerContext [restartedMain] Initialized
2022-03-03 09:56:45,474 INFO org.springframework.boot.actuate.endpoint.web.EndpointLinksResolver [RMI TCP Connection(1)-127.0.0.1] Exposing 1 endpoint(s) beneath base path '/actuator'
2022-03-03 09:56:45,511 INFO org.springframework.web.servlet.FrameworkServlet [RMI TCP Connection(1)-127.0.0.1] Completed initialization in 583 ms
2022-03-03 09:56:45,988 INFO org.springframework.cloud.netflix.eureka.serviceregistry.EurekaServiceRegistry [restartedMain] Registering application API-EUREKA-SERVER with eureka with status UP
2022-03-03 09:56:45,999 INFO org.apache.juli.logging.DirectJDKLog [restartedMain] Starting ProtocolHandler ["http-nio-8761"]
2022-03-03 09:56:46,000 INFO org.springframework.cloud.netflix.eureka.server.EurekaServerBootstrap [Thread-15] Setting the eureka configuration..
2022-03-03 09:56:46,043 INFO org.springframework.cloud.netflix.eureka.server.EurekaServerBootstrap [Thread-15] isAws returned false
2022-03-03 09:56:46,045 INFO org.springframework.cloud.netflix.eureka.server.EurekaServerBootstrap [Thread-15] Initialized server context
2022-03-03 09:56:46,045 INFO com.netflix.eureka.registry.PeerAwareInstanceRegistryImpl [Thread-15] Got 1 instances from neighboring DS node
2022-03-03 09:56:46,046 INFO com.netflix.eureka.registry.PeerAwareInstanceRegistryImpl [Thread-15] Renew threshold is: 1
2022-03-03 09:56:46,047 INFO com.netflix.eureka.registry.PeerAwareInstanceRegistryImpl [Thread-15] Changing status to UP
2022-03-03 09:56:46,252 INFO org.springframework.cloud.netflix.eureka.server.EurekaServerInitializerConfiguration [Thread-15] Started Eureka Server
2022-03-03 09:56:46,275 INFO org.springframework.boot.web.embedded.tomcat.TomcatWebServer [restartedMain] Tomcat started on port(s): 8761 (http) with context path ''
2022-03-03 09:56:46,278 INFO org.springframework.cloud.netflix.eureka.serviceregistry.EurekaAutoServiceRegistration [restartedMain] Updating port to 8761
2022-03-03 09:56:47,614 INFO org.springframework.cloud.commons.util.InetUtils [restartedMain] Cannot determine local hostname
2022-03-03 09:56:47,646 INFO org.springframework.boot.StartupInfoLogger [restartedMain] Started EurekaServerApplication in 27.35 seconds (JVM running for 35.475)
2022-03-03 09:57:46,051 INFO com.netflix.eureka.registry.AbstractInstanceRegistry$EvictionTask [Eureka-EvictionTimer] Running the evict task with compensationTime 0ms
2022-03-03 09:58:46,051 INFO com.netflix.eureka.registry.AbstractInstanceRegistry$EvictionTask [Eureka-EvictionTimer] Running the evict task with compensationTime 0ms
2022-03-03 09:59:46,052 INFO com.netflix.eureka.registry.AbstractInstanceRegistry$EvictionTask [Eureka-EvictionTimer] Running the evict task with compensationTime 0ms
2022-03-03 10:00:46,111 INFO com.netflix.eureka.registry.AbstractInstanceRegistry$EvictionTask [Eureka-EvictionTimer] Running the evict task with compensationTime 59ms
2022-03-03 10:01:46,112 INFO com.netflix.eureka.registry.AbstractInstanceRegistry$EvictionTask [Eureka-EvictionTimer] Running the evict task with compensationTime 0ms
2022-03-03 10:02:10,284 INFO org.springframework.boot.admin.SpringApplicationAdminMXBeanRegistrar$SpringApplicationAdmin [RMI TCP Connection(15)-127.0.0.1] Application shutdown requested.
2022-03-03 10:02:10,288 INFO org.springframework.cloud.netflix.eureka.serviceregistry.EurekaServiceRegistry [RMI TCP Connection(15)-127.0.0.1] Unregistering application API-EUREKA-SERVER with eureka with status DOWN
2022-03-03 10:02:10,419 INFO org.springframework.cloud.netflix.eureka.server.EurekaServerBootstrap [RMI TCP Connection(15)-127.0.0.1] Shutting down Eureka Server..
2022-03-03 10:02:10,654 INFO com.netflix.eureka.DefaultEurekaServerContext [RMI TCP Connection(15)-127.0.0.1] Shutting down ...
2022-03-03 10:02:11,004 INFO com.netflix.eureka.DefaultEurekaServerContext [RMI TCP Connection(15)-127.0.0.1] Shut down
2022-03-03 10:02:11,006 INFO org.springframework.cloud.netflix.eureka.server.EurekaServerBootstrap [RMI TCP Connection(15)-127.0.0.1] Eureka Service is now shutdown...
2022-03-03 10:02:11,009 INFO com.netflix.eureka.DefaultEurekaServerContext [RMI TCP Connection(15)-127.0.0.1] Shutting down ...
2022-03-03 10:02:11,322 INFO com.netflix.eureka.DefaultEurekaServerContext [RMI TCP Connection(15)-127.0.0.1] Shut down
2022-03-03 10:02:11,488 INFO com.netflix.discovery.DiscoveryClient [RMI TCP Connection(15)-127.0.0.1] Shutting down DiscoveryClient ...
2022-03-03 10:02:11,532 INFO com.netflix.discovery.DiscoveryClient [RMI TCP Connection(15)-127.0.0.1] Completed shut down of DiscoveryClient
